[INFO] Scanning for projects...
[INFO] 
[INFO] -----------------------< com.example:resolveit >------------------------
[INFO] Building resolveit 0.0.1-SNAPSHOT
[INFO]   from pom.xml
[INFO] --------------------------------[ jar ]---------------------------------
[INFO] 
[INFO] --- clean:3.4.0:clean (default-clean) @ resolveit ---
[INFO] Deleting D:\Infosys Intenship\Resloveit\target
[INFO] 
[INFO] >>> spring-boot:3.4.0:run (default-cli) > test-compile @ resolveit >>>
[INFO] 
[INFO] --- resources:3.3.1:resources (default-resources) @ resolveit ---
[INFO] Copying 1 resource from src\main\resources to target\classes
[INFO] Copying 10 resources from src\main\resources to target\classes
[INFO] 
[INFO] --- compiler:3.13.0:compile (default-compile) @ resolveit ---
[INFO] Recompiling the module because of changed source code.
[INFO] Compiling 9 source files with javac [debug parameters release 17] to target\classes
[INFO] 
[INFO] --- resources:3.3.1:testResources (default-testResources) @ resolveit ---
[INFO] skip non existing resourceDirectory D:\Infosys Intenship\Resloveit\src\test\resources
[INFO] 
[INFO] --- compiler:3.13.0:testCompile (default-testCompile) @ resolveit ---
[INFO] No sources to compile
[INFO] 
[INFO] <<< spring-boot:3.4.0:run (default-cli) < test-compile @ resolveit <<<
[INFO] 
[INFO] 
[INFO] --- spring-boot:3.4.0:run (default-cli) @ resolveit ---
[INFO] Attaching agents: []

  .   ____          _            __ _ _
 /\\ / ___'_ __ _ _(_)_ __  __ _ \ \ \ \
( ( )\___ | '_ | '_| | '_ \/ _` | \ \ \ \
 \\/  ___)| |_)| | | | | || (_| |  ) ) ) )
  '  |____| .__|_| |_|_| |_\__, | / / / /
 =========|_|==============|___/=/_/_/_/

 :: Spring Boot ::                (v3.4.0)

2026-03-05T02:48:13.725+05:30  INFO 22436 --- [           main] c.e.resolveit.ResolveitApplication       : Starting ResolveitApplication using Java 24.0.1 with PID 22436 (D:\Infosys Intenship\Resloveit\target\classes started by TJ WHITE in D:\Infosys Intenship\Resloveit)
2026-03-05T02:48:13.729+05:30  INFO 22436 --- [           main] c.e.resolveit.ResolveitApplication       : No active profile set, falling back to 1 default profile: "default"
2026-03-05T02:48:14.377+05:30  INFO 22436 --- [           main] .s.d.r.c.RepositoryConfigurationDelegate : Bootstrapping Spring Data JPA repositories in DEFAULT mode.
2026-03-05T02:48:14.439+05:30  INFO 22436 --- [           main] .s.d.r.c.RepositoryConfigurationDelegate : Finished Spring Data repository scanning in 53 ms. Found 2 JPA repository interfaces.
WARNING: A restricted method in java.lang.System has been called
WARNING: java.lang.System::load has been called by org.apache.tomcat.jni.Library in an unnamed module (file:/C:/Users/TJ%20WHITE/.m2/repository/org/apache/tomcat/embed/tomcat-embed-core/10.1.33/tomcat-embed-core-10.1.33.jar)
WARNING: Use --enable-native-access=ALL-UNNAMED to avoid a warning for callers in this module
WARNING: Restricted methods will be blocked in a future release unless native access is enabled

2026-03-05T02:48:15.210+05:30  INFO 22436 --- [           main] o.s.b.w.embedded.tomcat.TomcatWebServer  : Tomcat initialized with port 8080 (http)
2026-03-05T02:48:15.236+05:30  INFO 22436 --- [           main] o.apache.catalina.core.StandardService   : Starting service [Tomcat]
2026-03-05T02:48:15.238+05:30  INFO 22436 --- [           main] o.apache.catalina.core.StandardEngine    : Starting Servlet engine: [Apache Tomcat/10.1.33]
2026-03-05T02:48:15.316+05:30  INFO 22436 --- [           main] o.a.c.c.C.[Tomcat].[localhost].[/]       : Initializing Spring embedded WebApplicationContext
2026-03-05T02:48:15.317+05:30  INFO 22436 --- [           main] w.s.c.ServletWebServerApplicationContext : Root WebApplicationContext: initialization completed in 1523 ms
2026-03-05T02:48:15.474+05:30  INFO 22436 --- [           main] o.hibernate.jpa.internal.util.LogHelper  : HHH000204: Processing PersistenceUnitInfo [name: default]
2026-03-05T02:48:15.575+05:30  INFO 22436 --- [           main] org.hibernate.Version                    : HHH000412: Hibernate ORM core version 6.6.2.Final
2026-03-05T02:48:15.615+05:30  INFO 22436 --- [           main] o.h.c.internal.RegionFactoryInitiator    : HHH000026: Second-level cache disabled
2026-03-05T02:48:16.033+05:30  INFO 22436 --- [           main] o.s.o.j.p.SpringPersistenceUnitInfo      : No LoadTimeWeaver setup: ignoring JPA class transformer
2026-03-05T02:48:16.073+05:30  INFO 22436 --- [           main] com.zaxxer.hikari.HikariDataSource       : HikariPool-1 - Starting...
2026-03-05T02:48:16.705+05:30  INFO 22436 --- [           main] com.zaxxer.hikari.pool.HikariPool        : HikariPool-1 - Added connection com.mysql.cj.jdbc.ConnectionImpl@7db791df
2026-03-05T02:48:16.707+05:30  INFO 22436 --- [           main] com.zaxxer.hikari.HikariDataSource       : HikariPool-1 - Start completed.
2026-03-05T02:48:16.810+05:30  INFO 22436 --- [           main] org.hibernate.orm.connections.pooling    : HHH10001005: Database info:
	Database JDBC URL [Connecting through datasource 'HikariDataSource (HikariPool-1)']
	Database driver: undefined/unknown
	Database version: 8.0.44
	Autocommit mode: undefined/unknown
	Isolation level: undefined/unknown
	Minimum pool size: undefined/unknown
	Maximum pool size: undefined/unknown
2026-03-05T02:48:17.816+05:30  INFO 22436 --- [           main] o.h.e.t.j.p.i.JtaPlatformInitiator       : HHH000489: No JTA platform available (set 'hibernate.transaction.jta.platform' to enable JTA platform integration)
2026-03-05T02:48:17.882+05:30  INFO 22436 --- [           main] j.LocalContainerEntityManagerFactoryBean : Initialized JPA EntityManagerFactory for persistence unit 'default'
2026-03-05T02:48:18.267+05:30  WARN 22436 --- [           main] JpaBaseConfiguration$JpaWebConfiguration : spring.jpa.open-in-view is enabled by default. Therefore, database queries may be performed during view rendering. Explicitly configure spring.jpa.open-in-view to disable this warning
2026-03-05T02:48:18.864+05:30  INFO 22436 --- [           main] o.s.b.w.embedded.tomcat.TomcatWebServer  : Tomcat started on port 8080 (http) with context path '/'
2026-03-05T02:48:18.875+05:30  INFO 22436 --- [           main] c.e.resolveit.ResolveitApplication       : Started ResolveitApplication in 5.585 seconds (process running for 5.95)
2026-03-05T02:48:48.684+05:30  INFO 22436 --- [nio-8080-exec-1] o.a.c.c.C.[Tomcat].[localhost].[/]       : Initializing Spring DispatcherServlet 'dispatcherServlet'
2026-03-05T02:48:48.684+05:30  INFO 22436 --- [nio-8080-exec-1] o.s.web.servlet.DispatcherServlet        : Initializing Servlet 'dispatcherServlet'
2026-03-05T02:48:48.686+05:30  INFO 22436 --- [nio-8080-exec-1] o.s.web.servlet.DispatcherServlet        : Completed initialization in 2 ms
^C